{"meta": {"format": 3, "version": "7.13.1", "timestamp": "2026-01-26T16:04:37.003134", "branch_coverage": false, "show_contexts": false}, "files": {"fin_ai\\__init__.py": {"executed_lines": [5, 6, 8, 10], "summary": {"covered_lines": 4, "num_statements": 4, "percent_covered": 100.0, "percent_covered_display": "100", "missing_lines": 0, "excluded_lines": 0, "percent_statements_covered": 100.0, "percent_statements_covered_display": "100"}, "missing_lines": [], "excluded_lines": [], "functions": {"": {"executed_lines": [5, 6, 8, 10], "summary": {"covered_lines": 4, "num_statements": 4, "percent_covered": 100.0, "percent_covered_display": "100", "missing_lines": 0, "excluded_lines": 0, "percent_statements_covered": 100.0, "percent_statements_covered_display": "100"}, "missing_lines": [], "excluded_lines": [], "start_line": 1}}, "classes": {"": {"executed_lines": [5, 6, 8, 10], "summary": {"covered_lines": 4, "num_statements": 4, "percent_covered": 100.0, "percent_covered_display": "100", "missing_lines": 0, "excluded_lines": 0, "percent_statements_covered": 100.0, "percent_statements_covered_display": "100"}, "missing_lines": [], "excluded_lines": [], "start_line": 1}}}, "fin_ai\\data\\__init__.py": {"executed_lines": [1, 2, 4], "summary": {"covered_lines": 3, "num_statements": 3, "percent_covered": 100.0, "percent_covered_display": "100", "missing_lines": 0, "excluded_lines": 0, "percent_statements_covered": 100.0, "percent_statements_covered_display": "100"}, "missing_lines": [], "excluded_lines": [], "functions": {"": {"executed_lines": [1, 2, 4], "summary": {"covered_lines": 3, "num_statements": 3, "percent_covered": 100.0, "percent_covered_display": "100", "missing_lines": 0, "excluded_lines": 0, "percent_statements_covered": 100.0, "percent_statements_covered_display": "100"}, "missing_lines": [], "excluded_lines": [], "start_line": 1}}, "classes": {"": {"executed_lines": [1, 2, 4], "summary": {"covered_lines": 3, "num_statements": 3, "percent_covered": 100.0, "percent_covered_display": "100", "missing_lines": 0, "excluded_lines": 0, "percent_statements_covered": 100.0, "percent_statements_covered_display": "100"}, "missing_lines": [], "excluded_lines": [], "start_line": 1}}}, "fin_ai\\data\\dataloader.py": {"executed_lines": [3, 4, 6, 9, 16], "summary": {"covered_lines": 5, "num_statements": 5, "percent_covered": 100.0, "percent_covered_display": "100", "missing_lines": 0, "excluded_lines": 0, "percent_statements_covered": 100.0, "percent_statements_covered_display": "100"}, "missing_lines": [], "excluded_lines": [], "functions": {"create_dataloader": {"executed_lines": [16], "summary": {"covered_lines": 1, "num_statements": 1, "percent_covered": 100.0, "percent_covered_display": "100", "missing_lines": 0, "excluded_lines": 0, "percent_statements_covered": 100.0, "percent_statements_covered_display": "100"}, "missing_lines": [], "excluded_lines": [], "start_line": 9}, "": {"executed_lines": [3, 4, 6, 9], "summary": {"covered_lines": 4, "num_statements": 4, "percent_covered": 100.0, "percent_covered_display": "100", "missing_lines": 0, "excluded_lines": 0, "percent_statements_covered": 100.0, "percent_statements_covered_display": "100"}, "missing_lines": [], "excluded_lines": [], "start_line": 1}}, "classes": {"": {"executed_lines": [3, 4, 6, 9, 16], "summary": {"covered_lines": 5, "num_statements": 5, "percent_covered": 100.0, "percent_covered_display": "100", "missing_lines": 0, "excluded_lines": 0, "percent_statements_covered": 100.0, "percent_statements_covered_display": "100"}, "missing_lines": [], "excluded_lines": [], "start_line": 1}}}, "fin_ai\\data\\dataset.py": {"executed_lines": [3, 4, 5, 6, 8, 9, 10, 11, 12, 14, 15, 18, 21, 27, 28, 29, 31, 32, 34, 35, 37, 38, 39, 40, 42, 43, 45, 46, 47, 48, 50, 57, 59, 63, 66, 68, 70, 75, 78, 108, 121, 122, 124, 132, 133, 135, 138, 139, 140, 141, 142, 143, 145, 146, 149, 153, 155, 158, 160, 164, 169, 170, 175, 180, 183, 245, 246, 247, 250, 283, 321, 369], "summary": {"covered_lines": 72, "num_statements": 201, "percent_covered": 35.82089552238806, "percent_covered_display": "36", "missing_lines": 129, "excluded_lines": 0, "percent_statements_covered": 35.82089552238806, "percent_statements_covered_display": "36"}, "missing_lines": [60, 80, 82, 83, 84, 85, 86, 87, 89, 90, 91, 93, 96, 97, 99, 102, 103, 104, 105, 125, 126, 127, 128, 129, 136, 147, 150, 172, 181, 185, 187, 192, 194, 196, 197, 199, 201, 202, 203, 206, 207, 209, 210, 211, 212, 214, 216, 219, 220, 221, 227, 228, 229, 230, 232, 233, 235, 236, 238, 239, 240, 241, 243, 254, 257, 259, 260, 261, 262, 263, 264, 265, 266, 267, 268, 269, 270, 271, 273, 274, 278, 279, 280, 281, 285, 286, 287, 288, 291, 293, 294, 297, 298, 300, 307, 309, 310, 311, 312, 313, 315, 328, 331, 332, 334, 335, 336, 342, 343, 344, 345, 346, 347, 350, 351, 352, 353, 354, 355, 357, 358, 359, 360, 361, 362, 363, 364, 366, 376], "excluded_lines": [], "functions": {"FinAIDataset.__init__": {"executed_lines": [27, 28, 29], "summary": {"covered_lines": 3, "num_statements": 3, "percent_covered": 100.0, "percent_covered_display": "100", "missing_lines": 0, "excluded_lines": 0, "percent_statements_covered": 100.0, "percent_statements_covered_display": "100"}, "missing_lines": [], "excluded_lines": [], "start_line": 21}, "FinAIDataset.__len__": {"executed_lines": [32], "summary": {"covered_lines": 1, "num_statements": 1, "percent_covered": 100.0, "percent_covered_display": "100", "missing_lines": 0, "excluded_lines": 0, "percent_statements_covered": 100.0, "percent_statements_covered_display": "100"}, "missing_lines": [], "excluded_lines": [], "start_line": 31}, "FinAIDataset.__getitem__": {"executed_lines": [35, 37, 38, 39, 40, 42, 43, 45, 46, 47, 48, 50], "summary": {"covered_lines": 12, "num_statements": 12, "percent_covered": 100.0, "percent_covered_display": "100", "missing_lines": 0, "excluded_lines": 0, "percent_statements_covered": 100.0, "percent_statements_covered_display": "100"}, "missing_lines": [], "excluded_lines": [], "start_line": 34}, "get_todays_dataset": {"executed_lines": [59, 63, 66, 68, 70, 75], "summary": {"covered_lines": 6, "num_statements": 7, "percent_covered": 85.71428571428571, "percent_covered_display": "86", "missing_lines": 1, "excluded_lines": 0, "percent_statements_covered": 85.71428571428571, "percent_statements_covered_display": "86"}, "missing_lines": [60], "excluded_lines": [], "start_line": 57}, "extract_text_from_item": {"executed_lines": [], "summary": {"covered_lines": 0, "num_statements": 18, "percent_covered": 0.0, "percent_covered_display": "0", "missing_lines": 18, "excluded_lines": 0, "percent_statements_covered": 0.0, "percent_statements_covered_display": "0"}, "missing_lines": [80, 82, 83, 84, 85, 86, 87, 89, 90, 91, 93, 96, 97, 99, 102, 103, 104, 105], "excluded_lines": [], "start_line": 78}, "load_datasets_from_config": {"executed_lines": [121, 122, 124, 132, 133, 135, 138, 139, 140, 141, 142, 143, 145, 146, 149, 153, 155, 158, 160, 164, 169, 170, 175, 180, 183, 245, 246, 247, 250, 283], "summary": {"covered_lines": 30, "num_statements": 112, "percent_covered": 26.785714285714285, "percent_covered_display": "27", "missing_lines": 82, "excluded_lines": 0, "percent_statements_covered": 26.785714285714285, "percent_statements_covered_display": "27"}, "missing_lines": [125, 126, 127, 128, 129, 136, 147, 150, 172, 181, 185, 187, 192, 194, 196, 197, 199, 201, 202, 203, 206, 207, 209, 210, 211, 212, 214, 216, 219, 220, 221, 227, 228, 229, 230, 232, 233, 235, 236, 238, 239, 240, 241, 243, 254, 257, 259, 260, 261, 262, 263, 264, 265, 266, 267, 268, 269, 270, 271, 273, 274, 278, 279, 280, 281, 285, 286, 287, 288, 291, 293, 294, 297, 298, 300, 307, 309, 310, 311, 312, 313, 315], "excluded_lines": [], "start_line": 108}, "tokenize_and_chunk": {"executed_lines": [], "summary": {"covered_lines": 0, "num_statements": 27, "percent_covered": 0.0, "percent_covered_display": "0", "missing_lines": 27, "excluded_lines": 0, "percent_statements_covered": 0.0, "percent_statements_covered_display": "0"}, "missing_lines": [328, 331, 332, 334, 335, 336, 342, 343, 344, 345, 346, 347, 350, 351, 352, 353, 354, 355, 357, 358, 359, 360, 361, 362, 363, 364, 366], "excluded_lines": [], "start_line": 321}, "create_dataloader": {"executed_lines": [], "summary": {"covered_lines": 0, "num_statements": 1, "percent_covered": 0.0, "percent_covered_display": "0", "missing_lines": 1, "excluded_lines": 0, "percent_statements_covered": 0.0, "percent_statements_covered_display": "0"}, "missing_lines": [376], "excluded_lines": [], "start_line": 369}, "": {"executed_lines": [3, 4, 5, 6, 8, 9, 10, 11, 12, 14, 15, 18, 21, 31, 34, 57, 78, 108, 321, 369], "summary": {"covered_lines": 20, "num_statements": 20, "percent_covered": 100.0, "percent_covered_display": "100", "missing_lines": 0, "excluded_lines": 0, "percent_statements_covered": 100.0, "percent_statements_covered_display": "100"}, "missing_lines": [], "excluded_lines": [], "start_line": 1}}, "classes": {"FinAIDataset": {"executed_lines": [27, 28, 29, 32, 35, 37, 38, 39, 40, 42, 43, 45, 46, 47, 48, 50], "summary": {"covered_lines": 16, "num_statements": 16, "percent_covered": 100.0, "percent_covered_display": "100", "missing_lines": 0, "excluded_lines": 0, "percent_statements_covered": 100.0, "percent_statements_covered_display": "100"}, "missing_lines": [], "excluded_lines": [], "start_line": 18}, "": {"executed_lines": [3, 4, 5, 6, 8, 9, 10, 11, 12, 14, 15, 18, 21, 31, 34, 57, 59, 63, 66, 68, 70, 75, 78, 108, 121, 122, 124, 132, 133, 135, 138, 139, 140, 141, 142, 143, 145, 146, 149, 153, 155, 158, 160, 164, 169, 170, 175, 180, 183, 245, 246, 247, 250, 283, 321, 369], "summary": {"covered_lines": 56, "num_statements": 185, "percent_covered": 30.27027027027027, "percent_covered_display": "30", "missing_lines": 129, "excluded_lines": 0, "percent_statements_covered": 30.27027027027027, "percent_statements_covered_display": "30"}, "missing_lines": [60, 80, 82, 83, 84, 85, 86, 87, 89, 90, 91, 93, 96, 97, 99, 102, 103, 104, 105, 125, 126, 127, 128, 129, 136, 147, 150, 172, 181, 185, 187, 192, 194, 196, 197, 199, 201, 202, 203, 206, 207, 209, 210, 211, 212, 214, 216, 219, 220, 221, 227, 228, 229, 230, 232, 233, 235, 236, 238, 239, 240, 241, 243, 254, 257, 259, 260, 261, 262, 263, 264, 265, 266, 267, 268, 269, 270, 271, 273, 274, 278, 279, 280, 281, 285, 286, 287, 288, 291, 293, 294, 297, 298, 300, 307, 309, 310, 311, 312, 313, 315, 328, 331, 332, 334, 335, 336, 342, 343, 344, 345, 346, 347, 350, 351, 352, 353, 354, 355, 357, 358, 359, 360, 361, 362, 363, 364, 366, 376], "excluded_lines": [], "start_line": 1}}}, "fin_ai\\model\\__init__.py": {"executed_lines": [1, 2, 3, 8], "summary": {"covered_lines": 4, "num_statements": 7, "percent_covered": 57.142857142857146, "percent_covered_display": "57", "missing_lines": 3, "excluded_lines": 0, "percent_statements_covered": 57.142857142857146, "percent_statements_covered_display": "57"}, "missing_lines": [4, 5, 6], "excluded_lines": [], "functions": {"": {"executed_lines": [1, 2, 3, 8], "summary": {"covered_lines": 4, "num_statements": 7, "percent_covered": 57.142857142857146, "percent_covered_display": "57", "missing_lines": 3, "excluded_lines": 0, "percent_statements_covered": 57.142857142857146, "percent_statements_covered_display": "57"}, "missing_lines": [4, 5, 6], "excluded_lines": [], "start_line": 1}}, "classes": {"": {"executed_lines": [1, 2, 3, 8], "summary": {"covered_lines": 4, "num_statements": 7, "percent_covered": 57.142857142857146, "percent_covered_display": "57", "missing_lines": 3, "excluded_lines": 0, "percent_statements_covered": 57.142857142857146, "percent_statements_covered_display": "57"}, "missing_lines": [4, 5, 6], "excluded_lines": [], "start_line": 1}}}, "fin_ai\\model\\configuration_finai.py": {"executed_lines": [3, 6, 7, 9, 36, 61, 62, 74, 75, 76, 77, 78, 79, 80, 81, 82, 83, 84, 85, 86, 87, 88, 89, 90, 91, 92, 96, 97, 98, 100, 102, 103, 106, 109, 117, 128, 131, 133, 134, 136, 137, 138, 140, 141, 143, 144], "summary": {"covered_lines": 46, "num_statements": 54, "percent_covered": 85.18518518518519, "percent_covered_display": "85", "missing_lines": 8, "excluded_lines": 0, "percent_statements_covered": 85.18518518518519, "percent_statements_covered_display": "85"}, "missing_lines": [63, 64, 65, 68, 69, 70, 71, 72], "excluded_lines": [], "functions": {"FinAIConfig.__init__": {"executed_lines": [61, 62, 74, 75, 76, 77, 78, 79, 80, 81, 82, 83, 84, 85, 86, 87, 88, 89, 90, 91, 92, 96, 97, 98, 100], "summary": {"covered_lines": 25, "num_statements": 33, "percent_covered": 75.75757575757575, "percent_covered_display": "76", "missing_lines": 8, "excluded_lines": 0, "percent_statements_covered": 75.75757575757575, "percent_statements_covered_display": "76"}, "missing_lines": [63, 64, 65, 68, 69, 70, 71, 72], "excluded_lines": [], "start_line": 36}, "FinAIConfig.num_parameters": {"executed_lines": [106, 109, 117, 128, 131, 133, 134], "summary": {"covered_lines": 7, "num_statements": 7, "percent_covered": 100.0, "percent_covered_display": "100", "missing_lines": 0, "excluded_lines": 0, "percent_statements_covered": 100.0, "percent_statements_covered_display": "100"}, "missing_lines": [], "excluded_lines": [], "start_line": 103}, "FinAIConfig.from_yaml": {"executed_lines": [138, 140, 141, 143, 144], "summary": {"covered_lines": 5, "num_statements": 5, "percent_covered": 100.0, "percent_covered_display": "100", "missing_lines": 0, "excluded_lines": 0, "percent_statements_covered": 100.0, "percent_statements_covered_display": "100"}, "missing_lines": [], "excluded_lines": [], "start_line": 137}, "": {"executed_lines": [3, 6, 7, 9, 36, 102, 103, 136, 137], "summary": {"covered_lines": 9, "num_statements": 9, "percent_covered": 100.0, "percent_covered_display": "100", "missing_lines": 0, "excluded_lines": 0, "percent_statements_covered": 100.0, "percent_statements_covered_display": "100"}, "missing_lines": [], "excluded_lines": [], "start_line": 1}}, "classes": {"FinAIConfig": {"executed_lines": [61, 62, 74, 75, 76, 77, 78, 79, 80, 81, 82, 83, 84, 85, 86, 87, 88, 89, 90, 91, 92, 96, 97, 98, 100, 106, 109, 117, 128, 131, 133, 134, 138, 140, 141, 143, 144], "summary": {"covered_lines": 37, "num_statements": 45, "percent_covered": 82.22222222222223, "percent_covered_display": "82", "missing_lines": 8, "excluded_lines": 0, "percent_statements_covered": 82.22222222222223, "percent_statements_covered_display": "82"}, "missing_lines": [63, 64, 65, 68, 69, 70, 71, 72], "excluded_lines": [], "start_line": 6}, "": {"executed_lines": [3, 6, 7, 9, 36, 102, 103, 136, 137], "summary": {"covered_lines": 9, "num_statements": 9, "percent_covered": 100.0, "percent_covered_display": "100", "missing_lines": 0, "excluded_lines": 0, "percent_statements_covered": 100.0, "percent_statements_covered_display": "100"}, "missing_lines": [], "excluded_lines": [], "start_line": 1}}}, "fin_ai\\model\\modeling_finai.py": {"executed_lines": [5, 6, 8, 9, 10, 11, 12, 13, 14, 15, 17, 18, 23, 24, 25, 26, 27, 29, 30, 31, 32, 35, 36, 37, 38, 39, 40, 41, 44, 45, 51, 52, 53, 57, 58, 59, 60, 62, 63, 65, 71, 73, 74, 75, 78, 82, 83, 85, 86, 87, 90, 91, 92, 93, 94, 95, 96, 97, 98, 100, 103, 106, 109, 113, 119, 128, 130, 131, 132, 134, 140, 144, 145, 146, 148, 151, 154, 158, 159, 163, 165, 167, 168, 184, 189, 192, 195, 197, 207, 224, 225, 254, 255, 260, 262, 263, 267, 272, 276, 277, 278, 280, 287, 288, 289, 291, 300, 308, 315, 316, 317, 319, 322, 323, 328, 331, 335, 342, 382, 388, 389, 391, 392, 394, 395, 401, 404, 412, 485, 486, 487, 489, 492, 493, 494, 495, 496, 497, 498, 500, 501, 504, 505, 506, 507, 508, 509, 510, 511, 513, 522, 523, 525, 534, 535, 537, 539, 540, 541, 542, 548, 557, 558, 560, 563, 564, 565, 566, 567, 569, 570, 571, 572, 573, 575, 576, 577, 580, 582, 585, 589, 590, 591, 592, 593, 596, 597, 598, 600, 604, 607, 610, 622, 627, 632, 633, 637, 641, 642, 648, 649, 650, 651, 653, 654, 656, 657, 658, 659, 661, 662, 665, 669, 689, 698, 700, 701, 703, 706, 708, 711, 723, 725, 733, 734, 736, 737, 738, 739, 740, 742, 750, 753, 756, 759, 761, 762, 764, 765, 767, 770, 773, 776, 789, 793, 805, 806, 808, 809, 811, 812, 813, 814, 818, 822, 830, 857, 858], "summary": {"covered_lines": 258, "num_statements": 378, "percent_covered": 68.25396825396825, "percent_covered_display": "68", "missing_lines": 120, "excluded_lines": 0, "percent_statements_covered": 68.25396825396825, "percent_statements_covered_display": "68"}, "missing_lines": [19, 20, 64, 133, 160, 170, 171, 176, 178, 183, 186, 193, 198, 200, 202, 203, 204, 205, 208, 209, 210, 216, 217, 228, 229, 232, 233, 234, 235, 237, 239, 244, 247, 252, 269, 270, 283, 295, 325, 339, 344, 364, 373, 374, 376, 378, 384, 385, 397, 402, 415, 420, 421, 427, 432, 437, 438, 441, 442, 444, 450, 454, 456, 457, 459, 460, 464, 468, 472, 473, 475, 476, 477, 479, 480, 483, 549, 550, 551, 574, 578, 586, 601, 602, 605, 608, 638, 643, 644, 646, 663, 671, 672, 681, 704, 709, 712, 744, 747, 748, 757, 768, 771, 774, 819, 820, 834, 838, 839, 841, 842, 844, 845, 846, 847, 849, 860, 861, 862, 868], "excluded_lines": [], "functions": {"FinAIRMSNorm.__init__": {"executed_lines": [25, 26, 27], "summary": {"covered_lines": 3, "num_statements": 3, "percent_covered": 100.0, "percent_covered_display": "100", "missing_lines": 0, "excluded_lines": 0, "percent_statements_covered": 100.0, "percent_statements_covered_display": "100"}, "missing_lines": [], "excluded_lines": [], "start_line": 24}, "FinAIRMSNorm.forward": {"executed_lines": [30, 31, 32], "summary": {"covered_lines": 3, "num_statements": 3, "percent_covered": 100.0, "percent_covered_display": "100", "missing_lines": 0, "excluded_lines": 0, "percent_statements_covered": 100.0, "percent_statements_covered_display": "100"}, "missing_lines": [], "excluded_lines": [], "start_line": 29}, "FinAIRotaryEmbedding.__init__": {"executed_lines": [37, 38, 39, 40, 41, 44, 45], "summary": {"covered_lines": 7, "num_statements": 7, "percent_covered": 100.0, "percent_covered_display": "100", "missing_lines": 0, "excluded_lines": 0, "percent_statements_covered": 100.0, "percent_statements_covered_display": "100"}, "missing_lines": [], "excluded_lines": [], "start_line": 36}, "FinAIRotaryEmbedding._set_cos_sin_cache": {"executed_lines": [52, 53, 57, 58, 59, 60], "summary": {"covered_lines": 6, "num_statements": 6, "percent_covered": 100.0, "percent_covered_display": "100", "missing_lines": 0, "excluded_lines": 0, "percent_statements_covered": 100.0, "percent_statements_covered_display": "100"}, "missing_lines": [], "excluded_lines": [], "start_line": 51}, "FinAIRotaryEmbedding.forward": {"executed_lines": [63, 65], "summary": {"covered_lines": 2, "num_statements": 3, "percent_covered": 66.66666666666667, "percent_covered_display": "67", "missing_lines": 1, "excluded_lines": 0, "percent_statements_covered": 66.66666666666667, "percent_statements_covered_display": "67"}, "missing_lines": [64], "excluded_lines": [], "start_line": 62}, "rotate_half": {"executed_lines": [73, 74, 75], "summary": {"covered_lines": 3, "num_statements": 3, "percent_covered": 100.0, "percent_covered_display": "100", "missing_lines": 0, "excluded_lines": 0, "percent_statements_covered": 100.0, "percent_statements_covered_display": "100"}, "missing_lines": [], "excluded_lines": [], "start_line": 71}, "apply_rotary_pos_emb": {"executed_lines": [82, 83, 85, 86, 87], "summary": {"covered_lines": 5, "num_statements": 5, "percent_covered": 100.0, "percent_covered_display": "100", "missing_lines": 0, "excluded_lines": 0, "percent_statements_covered": 100.0, "percent_statements_covered_display": "100"}, "missing_lines": [], "excluded_lines": [], "start_line": 78}, "FinAIAttention.__init__": {"executed_lines": [92, 93, 94, 95, 96, 97, 98, 100, 103, 106, 109, 113], "summary": {"covered_lines": 12, "num_statements": 12, "percent_covered": 100.0, "percent_covered_display": "100", "missing_lines": 0, "excluded_lines": 0, "percent_statements_covered": 100.0, "percent_statements_covered_display": "100"}, "missing_lines": [], "excluded_lines": [], "start_line": 91}, "FinAIAttention.forward": {"executed_lines": [128, 130, 131, 132, 134, 140, 144, 145, 146, 148, 151, 154, 158, 159, 163, 165, 167, 168, 184, 189, 192, 195, 197, 207, 224, 225, 254, 255, 260, 262, 263, 267, 272, 276, 277, 278, 280, 287, 288, 289, 291, 300, 308, 315, 316, 317, 319, 322, 323, 328, 331, 335, 342, 382, 388, 389, 391, 392, 394, 395, 401, 404, 412, 485, 486, 487, 489], "summary": {"covered_lines": 67, "num_statements": 140, "percent_covered": 47.857142857142854, "percent_covered_display": "48", "missing_lines": 73, "excluded_lines": 0, "percent_statements_covered": 47.857142857142854, "percent_statements_covered_display": "48"}, "missing_lines": [133, 160, 170, 171, 176, 178, 183, 186, 193, 198, 200, 202, 203, 204, 205, 208, 209, 210, 216, 217, 228, 229, 232, 233, 234, 235, 237, 239, 244, 247, 252, 269, 270, 283, 295, 325, 339, 344, 364, 373, 374, 376, 378, 384, 385, 397, 402, 415, 420, 421, 427, 432, 437, 438, 441, 442, 444, 450, 454, 456, 457, 459, 460, 464, 468, 472, 473, 475, 476, 477, 479, 480, 483], "excluded_lines": [], "start_line": 119}, "FinAIMLP.__init__": {"executed_lines": [494, 495, 496, 497, 498], "summary": {"covered_lines": 5, "num_statements": 5, "percent_covered": 100.0, "percent_covered_display": "100", "missing_lines": 0, "excluded_lines": 0, "percent_statements_covered": 100.0, "percent_statements_covered_display": "100"}, "missing_lines": [], "excluded_lines": [], "start_line": 493}, "FinAIMLP.forward": {"executed_lines": [501], "summary": {"covered_lines": 1, "num_statements": 1, "percent_covered": 100.0, "percent_covered_display": "100", "missing_lines": 0, "excluded_lines": 0, "percent_statements_covered": 100.0, "percent_statements_covered_display": "100"}, "missing_lines": [], "excluded_lines": [], "start_line": 500}, "FinAIBlock.__init__": {"executed_lines": [506, 507, 508, 509, 510, 511], "summary": {"covered_lines": 6, "num_statements": 6, "percent_covered": 100.0, "percent_covered_display": "100", "missing_lines": 0, "excluded_lines": 0, "percent_statements_covered": 100.0, "percent_statements_covered_display": "100"}, "missing_lines": [], "excluded_lines": [], "start_line": 505}, "FinAIBlock.forward": {"executed_lines": [522, 523, 525, 534, 535, 537, 539, 540, 541, 542, 548, 557, 558, 560], "summary": {"covered_lines": 14, "num_statements": 17, "percent_covered": 82.3529411764706, "percent_covered_display": "82", "missing_lines": 3, "excluded_lines": 0, "percent_statements_covered": 82.3529411764706, "percent_statements_covered_display": "82"}, "missing_lines": [549, 550, 551], "excluded_lines": [], "start_line": 513}, "FinAIPreTrainedModel._init_weights": {"executed_lines": [570, 571, 572, 573, 575, 576, 577], "summary": {"covered_lines": 7, "num_statements": 9, "percent_covered": 77.77777777777777, "percent_covered_display": "78", "missing_lines": 2, "excluded_lines": 0, "percent_statements_covered": 77.77777777777777, "percent_statements_covered_display": "78"}, "missing_lines": [574, 578], "excluded_lines": [], "start_line": 569}, "FinAIPreTrainedModel.post_init": {"executed_lines": [582, 585], "summary": {"covered_lines": 2, "num_statements": 3, "percent_covered": 66.66666666666667, "percent_covered_display": "67", "missing_lines": 1, "excluded_lines": 0, "percent_statements_covered": 66.66666666666667, "percent_statements_covered_display": "67"}, "missing_lines": [586], "excluded_lines": [], "start_line": 580}, "FinAIModel.__init__": {"executed_lines": [591, 592, 593, 596, 597, 598], "summary": {"covered_lines": 6, "num_statements": 6, "percent_covered": 100.0, "percent_covered_display": "100", "missing_lines": 0, "excluded_lines": 0, "percent_statements_covered": 100.0, "percent_statements_covered_display": "100"}, "missing_lines": [], "excluded_lines": [], "start_line": 590}, "FinAIModel._set_gradient_checkpointing": {"executed_lines": [], "summary": {"covered_lines": 0, "num_statements": 2, "percent_covered": 0.0, "percent_covered_display": "0", "missing_lines": 2, "excluded_lines": 0, "percent_statements_covered": 0.0, "percent_statements_covered_display": "0"}, "missing_lines": [601, 602], "excluded_lines": [], "start_line": 600}, "FinAIModel.get_input_embeddings": {"executed_lines": [], "summary": {"covered_lines": 0, "num_statements": 1, "percent_covered": 0.0, "percent_covered_display": "0", "missing_lines": 1, "excluded_lines": 0, "percent_statements_covered": 0.0, "percent_statements_covered_display": "0"}, "missing_lines": [605], "excluded_lines": [], "start_line": 604}, "FinAIModel.set_input_embeddings": {"executed_lines": [], "summary": {"covered_lines": 0, "num_statements": 1, "percent_covered": 0.0, "percent_covered_display": "0", "missing_lines": 1, "excluded_lines": 0, "percent_statements_covered": 0.0, "percent_statements_covered_display": "0"}, "missing_lines": [608], "excluded_lines": [], "start_line": 607}, "FinAIModel.forward": {"executed_lines": [622, 627, 632, 633, 637, 641, 642, 648, 649, 650, 651, 653, 654, 656, 657, 658, 659, 661, 662, 665, 669, 689, 698, 700, 701, 703, 706, 708, 711, 723, 725], "summary": {"covered_lines": 31, "num_statements": 41, "percent_covered": 75.60975609756098, "percent_covered_display": "76", "missing_lines": 10, "excluded_lines": 0, "percent_statements_covered": 75.60975609756098, "percent_statements_covered_display": "76"}, "missing_lines": [638, 643, 644, 646, 663, 671, 681, 704, 709, 712], "excluded_lines": [], "start_line": 610}, "FinAIModel.forward.custom_forward": {"executed_lines": [], "summary": {"covered_lines": 0, "num_statements": 1, "percent_covered": 0.0, "percent_covered_display": "0", "missing_lines": 1, "excluded_lines": 0, "percent_statements_covered": 0.0, "percent_statements_covered_display": "0"}, "missing_lines": [672], "excluded_lines": [], "start_line": 671}, "FinAIForCausalLM.__init__": {"executed_lines": [737, 738, 739, 740], "summary": {"covered_lines": 4, "num_statements": 4, "percent_covered": 100.0, "percent_covered_display": "100", "missing_lines": 0, "excluded_lines": 0, "percent_statements_covered": 100.0, "percent_statements_covered_display": "100"}, "missing_lines": [], "excluded_lines": [], "start_line": 736}, "FinAIForCausalLM._get_tied_weights_keys": {"executed_lines": [], "summary": {"covered_lines": 0, "num_statements": 3, "percent_covered": 0.0, "percent_covered_display": "0", "missing_lines": 3, "excluded_lines": 0, "percent_statements_covered": 0.0, "percent_statements_covered_display": "0"}, "missing_lines": [744, 747, 748], "excluded_lines": [], "start_line": 742}, "FinAIForCausalLM.post_init": {"executed_lines": [753, 756], "summary": {"covered_lines": 2, "num_statements": 3, "percent_covered": 66.66666666666667, "percent_covered_display": "67", "missing_lines": 1, "excluded_lines": 0, "percent_statements_covered": 66.66666666666667, "percent_statements_covered_display": "67"}, "missing_lines": [757], "excluded_lines": [], "start_line": 750}, "FinAIForCausalLM.tie_weights": {"executed_lines": [761, 762], "summary": {"covered_lines": 2, "num_statements": 2, "percent_covered": 100.0, "percent_covered_display": "100", "missing_lines": 0, "excluded_lines": 0, "percent_statements_covered": 100.0, "percent_statements_covered_display": "100"}, "missing_lines": [], "excluded_lines": [], "start_line": 759}, "FinAIForCausalLM.get_input_embeddings": {"executed_lines": [765], "summary": {"covered_lines": 1, "num_statements": 1, "percent_covered": 100.0, "percent_covered_display": "100", "missing_lines": 0, "excluded_lines": 0, "percent_statements_covered": 100.0, "percent_statements_covered_display": "100"}, "missing_lines": [], "excluded_lines": [], "start_line": 764}, "FinAIForCausalLM.set_input_embeddings": {"executed_lines": [], "summary": {"covered_lines": 0, "num_statements": 1, "percent_covered": 0.0, "percent_covered_display": "0", "missing_lines": 1, "excluded_lines": 0, "percent_statements_covered": 0.0, "percent_statements_covered_display": "0"}, "missing_lines": [768], "excluded_lines": [], "start_line": 767}, "FinAIForCausalLM.get_output_embeddings": {"executed_lines": [], "summary": {"covered_lines": 0, "num_statements": 1, "percent_covered": 0.0, "percent_covered_display": "0", "missing_lines": 1, "excluded_lines": 0, "percent_statements_covered": 0.0, "percent_statements_covered_display": "0"}, "missing_lines": [771], "excluded_lines": [], "start_line": 770}, "FinAIForCausalLM.set_output_embeddings": {"executed_lines": [], "summary": {"covered_lines": 0, "num_statements": 1, "percent_covered": 0.0, "percent_covered_display": "0", "missing_lines": 1, "excluded_lines": 0, "percent_statements_covered": 0.0, "percent_statements_covered_display": "0"}, "missing_lines": [774], "excluded_lines": [], "start_line": 773}, "FinAIForCausalLM.forward": {"executed_lines": [789, 793, 805, 806, 808, 809, 811, 812, 813, 814, 818, 822], "summary": {"covered_lines": 12, "num_statements": 14, "percent_covered": 85.71428571428571, "percent_covered_display": "86", "missing_lines": 2, "excluded_lines": 0, "percent_statements_covered": 85.71428571428571, "percent_statements_covered_display": "86"}, "missing_lines": [819, 820], "excluded_lines": [], "start_line": 776}, "FinAIForCausalLM.prepare_inputs_for_generation": {"executed_lines": [], "summary": {"covered_lines": 0, "num_statements": 10, "percent_covered": 0.0, "percent_covered_display": "0", "missing_lines": 10, "excluded_lines": 0, "percent_statements_covered": 0.0, "percent_statements_covered_display": "0"}, "missing_lines": [834, 838, 839, 841, 842, 844, 845, 846, 847, 849], "excluded_lines": [], "start_line": 830}, "FinAIForCausalLM._reorder_cache": {"executed_lines": [], "summary": {"covered_lines": 0, "num_statements": 4, "percent_covered": 0.0, "percent_covered_display": "0", "missing_lines": 4, "excluded_lines": 0, "percent_statements_covered": 0.0, "percent_statements_covered_display": "0"}, "missing_lines": [860, 861, 862, 868], "excluded_lines": [], "start_line": 858}, "": {"executed_lines": [5, 6, 8, 9, 10, 11, 12, 13, 14, 15, 17, 18, 23, 24, 29, 35, 36, 51, 62, 71, 78, 90, 91, 119, 492, 493, 500, 504, 505, 513, 563, 564, 565, 566, 567, 569, 580, 589, 590, 600, 604, 607, 610, 733, 734, 736, 742, 750, 759, 764, 767, 770, 773, 776, 830, 857, 858], "summary": {"covered_lines": 57, "num_statements": 59, "percent_covered": 96.61016949152543, "percent_covered_display": "97", "missing_lines": 2, "excluded_lines": 0, "percent_statements_covered": 96.61016949152543, "percent_statements_covered_display": "97"}, "missing_lines": [19, 20], "excluded_lines": [], "start_line": 1}}, "classes": {"FinAIRMSNorm": {"executed_lines": [25, 26, 27, 30, 31, 32], "summary": {"covered_lines": 6, "num_statements": 6, "percent_covered": 100.0, "percent_covered_display": "100", "missing_lines": 0, "excluded_lines": 0, "percent_statements_covered": 100.0, "percent_statements_covered_display": "100"}, "missing_lines": [], "excluded_lines": [], "start_line": 23}, "FinAIRotaryEmbedding": {"executed_lines": [37, 38, 39, 40, 41, 44, 45, 52, 53, 57, 58, 59, 60, 63, 65], "summary": {"covered_lines": 15, "num_statements": 16, "percent_covered": 93.75, "percent_covered_display": "94", "missing_lines": 1, "excluded_lines": 0, "percent_statements_covered": 93.75, "percent_statements_covered_display": "94"}, "missing_lines": [64], "excluded_lines": [], "start_line": 35}, "FinAIAttention": {"executed_lines": [92, 93, 94, 95, 96, 97, 98, 100, 103, 106, 109, 113, 128, 130, 131, 132, 134, 140, 144, 145, 146, 148, 151, 154, 158, 159, 163, 165, 167, 168, 184, 189, 192, 195, 197, 207, 224, 225, 254, 255, 260, 262, 263, 267, 272, 276, 277, 278, 280, 287, 288, 289, 291, 300, 308, 315, 316, 317, 319, 322, 323, 328, 331, 335, 342, 382, 388, 389, 391, 392, 394, 395, 401, 404, 412, 485, 486, 487, 489], "summary": {"covered_lines": 79, "num_statements": 152, "percent_covered": 51.973684210526315, "percent_covered_display": "52", "missing_lines": 73, "excluded_lines": 0, "percent_statements_covered": 51.973684210526315, "percent_statements_covered_display": "52"}, "missing_lines": [133, 160, 170, 171, 176, 178, 183, 186, 193, 198, 200, 202, 203, 204, 205, 208, 209, 210, 216, 217, 228, 229, 232, 233, 234, 235, 237, 239, 244, 247, 252, 269, 270, 283, 295, 325, 339, 344, 364, 373, 374, 376, 378, 384, 385, 397, 402, 415, 420, 421, 427, 432, 437, 438, 441, 442, 444, 450, 454, 456, 457, 459, 460, 464, 468, 472, 473, 475, 476, 477, 479, 480, 483], "excluded_lines": [], "start_line": 90}, "FinAIMLP": {"executed_lines": [494, 495, 496, 497, 498, 501], "summary": {"covered_lines": 6, "num_statements": 6, "percent_covered": 100.0, "percent_covered_display": "100", "missing_lines": 0, "excluded_lines": 0, "percent_statements_covered": 100.0, "percent_statements_covered_display": "100"}, "missing_lines": [], "excluded_lines": [], "start_line": 492}, "FinAIBlock": {"executed_lines": [506, 507, 508, 509, 510, 511, 522, 523, 525, 534, 535, 537, 539, 540, 541, 542, 548, 557, 558, 560], "summary": {"covered_lines": 20, "num_statements": 23, "percent_covered": 86.95652173913044, "percent_covered_display": "87", "missing_lines": 3, "excluded_lines": 0, "percent_statements_covered": 86.95652173913044, "percent_statements_covered_display": "87"}, "missing_lines": [549, 550, 551], "excluded_lines": [], "start_line": 504}, "FinAIPreTrainedModel": {"executed_lines": [570, 571, 572, 573, 575, 576, 577, 582, 585], "summary": {"covered_lines": 9, "num_statements": 12, "percent_covered": 75.0, "percent_covered_display": "75", "missing_lines": 3, "excluded_lines": 0, "percent_statements_covered": 75.0, "percent_statements_covered_display": "75"}, "missing_lines": [574, 578, 586], "excluded_lines": [], "start_line": 563}, "FinAIModel": {"executed_lines": [591, 592, 593, 596, 597, 598, 622, 627, 632, 633, 637, 641, 642, 648, 649, 650, 651, 653, 654, 656, 657, 658, 659, 661, 662, 665, 669, 689, 698, 700, 701, 703, 706, 708, 711, 723, 725], "summary": {"covered_lines": 37, "num_statements": 52, "percent_covered": 71.15384615384616, "percent_covered_display": "71", "missing_lines": 15, "excluded_lines": 0, "percent_statements_covered": 71.15384615384616, "percent_statements_covered_display": "71"}, "missing_lines": [601, 602, 605, 608, 638, 643, 644, 646, 663, 671, 672, 681, 704, 709, 712], "excluded_lines": [], "start_line": 589}, "FinAIForCausalLM": {"executed_lines": [737, 738, 739, 740, 753, 756, 761, 762, 765, 789, 793, 805, 806, 808, 809, 811, 812, 813, 814, 818, 822], "summary": {"covered_lines": 21, "num_statements": 44, "percent_covered": 47.72727272727273, "percent_covered_display": "48", "missing_lines": 23, "excluded_lines": 0, "percent_statements_covered": 47.72727272727273, "percent_statements_covered_display": "48"}, "missing_lines": [744, 747, 748, 757, 768, 771, 774, 819, 820, 834, 838, 839, 841, 842, 844, 845, 846, 847, 849, 860, 861, 862, 868], "excluded_lines": [], "start_line": 733}, "": {"executed_lines": [5, 6, 8, 9, 10, 11, 12, 13, 14, 15, 17, 18, 23, 24, 29, 35, 36, 51, 62, 71, 73, 74, 75, 78, 82, 83, 85, 86, 87, 90, 91, 119, 492, 493, 500, 504, 505, 513, 563, 564, 565, 566, 567, 569, 580, 589, 590, 600, 604, 607, 610, 733, 734, 736, 742, 750, 759, 764, 767, 770, 773, 776, 830, 857, 858], "summary": {"covered_lines": 65, "num_statements": 67, "percent_covered": 97.01492537313433, "percent_covered_display": "97", "missing_lines": 2, "excluded_lines": 0, "percent_statements_covered": 97.01492537313433, "percent_statements_covered_display": "97"}, "missing_lines": [19, 20], "excluded_lines": [], "start_line": 1}}}, "fin_ai\\training\\__init__.py": {"executed_lines": [1, 3], "summary": {"covered_lines": 2, "num_statements": 2, "percent_covered": 100.0, "percent_covered_display": "100", "missing_lines": 0, "excluded_lines": 0, "percent_statements_covered": 100.0, "percent_statements_covered_display": "100"}, "missing_lines": [], "excluded_lines": [], "functions": {"": {"executed_lines": [1, 3], "summary": {"covered_lines": 2, "num_statements": 2, "percent_covered": 100.0, "percent_covered_display": "100", "missing_lines": 0, "excluded_lines": 0, "percent_statements_covered": 100.0, "percent_statements_covered_display": "100"}, "missing_lines": [], "excluded_lines": [], "start_line": 1}}, "classes": {"": {"executed_lines": [1, 3], "summary": {"covered_lines": 2, "num_statements": 2, "percent_covered": 100.0, "percent_covered_display": "100", "missing_lines": 0, "excluded_lines": 0, "percent_statements_covered": 100.0, "percent_statements_covered_display": "100"}, "missing_lines": [], "excluded_lines": [], "start_line": 1}}}, "fin_ai\\training\\trainer.py": {"executed_lines": [3, 4, 5, 6, 7, 8, 9, 11, 12, 13, 14, 16, 19, 20, 21, 22, 23, 24, 25, 26, 27, 28, 29, 30, 31, 32, 33, 34, 35, 36, 37, 38, 39, 40, 41, 42, 43, 44, 45, 46, 48, 49, 50, 51, 52, 53, 54, 57, 59, 64, 65, 70, 71, 72, 73, 74, 75, 76, 77, 78, 79, 81, 83, 85, 86, 87, 89, 91, 92, 93, 94, 95, 96, 98, 99, 100, 107, 108, 109, 110, 119, 120, 122, 123, 124, 125, 127, 129, 131, 133, 134, 136, 138, 140, 141, 142, 143, 144, 145, 150, 151, 159, 160, 161, 162, 163, 165, 166, 169, 170, 171, 174, 175, 179, 180, 181, 185, 186, 189, 194, 195, 196, 199, 216, 218, 224, 225, 226, 234, 235, 236, 237, 241, 242, 243, 244, 245, 247, 250, 252, 261, 264, 270, 278, 281, 282, 288, 290, 292, 293, 294, 295, 296, 297, 298, 300, 301, 302, 304, 305, 308, 310, 411, 475, 476, 510, 740, 790], "summary": {"covered_lines": 168, "num_statements": 457, "percent_covered": 36.76148796498906, "percent_covered_display": "37", "missing_lines": 289, "excluded_lines": 0, "percent_statements_covered": 36.76148796498906, "percent_statements_covered_display": "37"}, "missing_lines": [101, 102, 103, 104, 105, 128, 135, 176, 177, 239, 246, 248, 283, 286, 299, 306, 307, 312, 313, 315, 316, 317, 318, 319, 320, 322, 323, 325, 326, 333, 334, 335, 337, 338, 339, 341, 344, 345, 355, 369, 370, 372, 373, 374, 376, 379, 382, 391, 392, 394, 396, 397, 398, 400, 401, 403, 404, 405, 407, 408, 409, 413, 414, 416, 417, 418, 419, 420, 421, 423, 424, 426, 428, 429, 432, 433, 434, 435, 438, 439, 440, 448, 449, 450, 453, 454, 455, 456, 458, 466, 467, 468, 470, 471, 472, 473, 477, 478, 479, 480, 481, 482, 483, 488, 489, 490, 491, 493, 494, 496, 497, 498, 505, 506, 508, 512, 513, 514, 515, 517, 518, 519, 522, 523, 526, 527, 528, 530, 535, 536, 537, 538, 541, 542, 547, 548, 551, 552, 554, 555, 556, 557, 558, 559, 562, 567, 575, 577, 578, 579, 580, 581, 582, 583, 585, 587, 590, 595, 596, 598, 599, 601, 604, 607, 608, 609, 610, 612, 613, 615, 616, 617, 618, 622, 623, 624, 626, 628, 629, 631, 632, 633, 634, 636, 637, 638, 639, 650, 651, 659, 663, 664, 666, 667, 668, 669, 672, 708, 709, 711, 712, 713, 715, 716, 718, 719, 721, 722, 725, 726, 727, 734, 735, 736, 738, 741, 744, 750, 758, 759, 762, 765, 768, 769, 772, 773, 776, 777, 782, 785, 786, 791, 792, 795, 802, 806, 807, 811, 812, 815, 817, 820, 821, 822, 823, 824, 825, 826, 827, 830, 831, 832, 836, 843, 844, 845, 846, 847, 849, 852, 857, 858, 860, 863, 866, 867, 870, 871, 874, 877, 880, 884, 885, 888, 891, 893, 894, 895, 901, 904, 907, 910, 911, 912, 913, 914, 916, 917, 918], "excluded_lines": [], "functions": {"TrainingConfig.from_yaml": {"executed_lines": [50, 51, 52, 53, 54, 57, 59], "summary": {"covered_lines": 7, "num_statements": 7, "percent_covered": 100.0, "percent_covered_display": "100", "missing_lines": 0, "excluded_lines": 0, "percent_statements_covered": 100.0, "percent_statements_covered_display": "100"}, "missing_lines": [], "excluded_lines": [], "start_line": 49}, "DatasetCycler.__init__": {"executed_lines": [70, 71, 72, 73, 74, 75, 76, 77, 78, 79], "summary": {"covered_lines": 10, "num_statements": 10, "percent_covered": 100.0, "percent_covered_display": "100", "missing_lines": 0, "excluded_lines": 0, "percent_statements_covered": 100.0, "percent_statements_covered_display": "100"}, "missing_lines": [], "excluded_lines": [], "start_line": 65}, "DatasetCycler._update_current_dataset": {"executed_lines": [83, 85, 86, 87], "summary": {"covered_lines": 4, "num_statements": 4, "percent_covered": 100.0, "percent_covered_display": "100", "missing_lines": 0, "excluded_lines": 0, "percent_statements_covered": 100.0, "percent_statements_covered_display": "100"}, "missing_lines": [], "excluded_lines": [], "start_line": 81}, "DatasetCycler._load_state": {"executed_lines": [91, 92, 93, 94, 95, 96, 98, 99, 100], "summary": {"covered_lines": 9, "num_statements": 14, "percent_covered": 64.28571428571429, "percent_covered_display": "64", "missing_lines": 5, "excluded_lines": 0, "percent_statements_covered": 64.28571428571429, "percent_statements_covered_display": "64"}, "missing_lines": [101, 102, 103, 104, 105], "excluded_lines": [], "start_line": 89}, "DatasetCycler._save_state": {"executed_lines": [108, 109, 110], "summary": {"covered_lines": 3, "num_statements": 3, "percent_covered": 100.0, "percent_covered_display": "100", "missing_lines": 0, "excluded_lines": 0, "percent_statements_covered": 100.0, "percent_statements_covered_display": "100"}, "missing_lines": [], "excluded_lines": [], "start_line": 107}, "DatasetCycler.get_current_dataset": {"executed_lines": [120], "summary": {"covered_lines": 1, "num_statements": 1, "percent_covered": 100.0, "percent_covered_display": "100", "missing_lines": 0, "excluded_lines": 0, "percent_statements_covered": 100.0, "percent_statements_covered_display": "100"}, "missing_lines": [], "excluded_lines": [], "start_line": 119}, "DatasetCycler.current_dataset_name": {"executed_lines": [124, 125, 127, 129], "summary": {"covered_lines": 4, "num_statements": 5, "percent_covered": 80.0, "percent_covered_display": "80", "missing_lines": 1, "excluded_lines": 0, "percent_statements_covered": 80.0, "percent_statements_covered_display": "80"}, "missing_lines": [128], "excluded_lines": [], "start_line": 123}, "DatasetCycler.get_current_offset": {"executed_lines": [133, 134, 136], "summary": {"covered_lines": 3, "num_statements": 4, "percent_covered": 75.0, "percent_covered_display": "75", "missing_lines": 1, "excluded_lines": 0, "percent_statements_covered": 75.0, "percent_statements_covered_display": "75"}, "missing_lines": [135], "excluded_lines": [], "start_line": 131}, "DatasetCycler.increment_offset": {"executed_lines": [140, 141, 142, 143, 144, 145], "summary": {"covered_lines": 6, "num_statements": 6, "percent_covered": 100.0, "percent_covered_display": "100", "missing_lines": 0, "excluded_lines": 0, "percent_statements_covered": 100.0, "percent_statements_covered_display": "100"}, "missing_lines": [], "excluded_lines": [], "start_line": 138}, "FinAITrainer.__init__": {"executed_lines": [159, 160, 161, 162, 163, 165, 166, 169, 170, 171, 174, 175, 179, 180, 181, 185, 186, 189, 194, 195, 196, 199, 216, 218, 224, 225, 226, 234, 235, 236, 237], "summary": {"covered_lines": 31, "num_statements": 34, "percent_covered": 91.17647058823529, "percent_covered_display": "91", "missing_lines": 3, "excluded_lines": 0, "percent_statements_covered": 91.17647058823529, "percent_statements_covered_display": "91"}, "missing_lines": [176, 177, 239], "excluded_lines": [], "start_line": 151}, "FinAITrainer._create_optimizer": {"executed_lines": [242, 243, 244, 245, 247, 250, 252], "summary": {"covered_lines": 7, "num_statements": 9, "percent_covered": 77.77777777777777, "percent_covered_display": "78", "missing_lines": 2, "excluded_lines": 0, "percent_statements_covered": 77.77777777777777, "percent_statements_covered_display": "78"}, "missing_lines": [246, 248], "excluded_lines": [], "start_line": 241}, "FinAITrainer._create_scheduler": {"executed_lines": [264, 270, 278, 288], "summary": {"covered_lines": 4, "num_statements": 4, "percent_covered": 100.0, "percent_covered_display": "100", "missing_lines": 0, "excluded_lines": 0, "percent_statements_covered": 100.0, "percent_statements_covered_display": "100"}, "missing_lines": [], "excluded_lines": [], "start_line": 261}, "FinAITrainer._create_scheduler.lr_lambda": {"executed_lines": [281, 282], "summary": {"covered_lines": 2, "num_statements": 4, "percent_covered": 50.0, "percent_covered_display": "50", "missing_lines": 2, "excluded_lines": 0, "percent_statements_covered": 50.0, "percent_statements_covered_display": "50"}, "missing_lines": [283, 286], "excluded_lines": [], "start_line": 278}, "FinAITrainer._get_hf_token": {"executed_lines": [292, 293, 294, 295, 296, 297, 298, 300, 301, 302, 304, 305, 308], "summary": {"covered_lines": 13, "num_statements": 16, "percent_covered": 81.25, "percent_covered_display": "81", "missing_lines": 3, "excluded_lines": 0, "percent_statements_covered": 81.25, "percent_statements_covered_display": "81"}, "missing_lines": [299, 306, 307], "excluded_lines": [], "start_line": 290}, "FinAITrainer._pull_checkpoint_from_hf": {"executed_lines": [], "summary": {"covered_lines": 0, "num_statements": 44, "percent_covered": 0.0, "percent_covered_display": "0", "missing_lines": 44, "excluded_lines": 0, "percent_statements_covered": 0.0, "percent_statements_covered_display": "0"}, "missing_lines": [312, 313, 315, 316, 317, 318, 319, 320, 322, 323, 325, 326, 333, 334, 335, 337, 338, 339, 341, 344, 345, 355, 369, 370, 372, 373, 374, 376, 379, 382, 391, 392, 394, 396, 397, 398, 400, 401, 403, 404, 405, 407, 408, 409], "excluded_lines": [], "start_line": 310}, "FinAITrainer._push_checkpoint_to_hf": {"executed_lines": [], "summary": {"covered_lines": 0, "num_statements": 35, "percent_covered": 0.0, "percent_covered_display": "0", "missing_lines": 35, "excluded_lines": 0, "percent_statements_covered": 0.0, "percent_statements_covered_display": "0"}, "missing_lines": [413, 414, 416, 417, 418, 419, 420, 421, 423, 424, 426, 428, 429, 432, 433, 434, 435, 438, 439, 440, 448, 449, 450, 453, 454, 455, 456, 458, 466, 467, 468, 470, 471, 472, 473], "excluded_lines": [], "start_line": 411}, "FinAITrainer._evaluate": {"executed_lines": [], "summary": {"covered_lines": 0, "num_statements": 19, "percent_covered": 0.0, "percent_covered_display": "0", "missing_lines": 19, "excluded_lines": 0, "percent_statements_covered": 0.0, "percent_statements_covered_display": "0"}, "missing_lines": [477, 478, 479, 480, 481, 482, 483, 488, 489, 490, 491, 493, 494, 496, 497, 498, 505, 506, 508], "excluded_lines": [], "start_line": 476}, "FinAITrainer.train": {"executed_lines": [], "summary": {"covered_lines": 0, "num_statements": 100, "percent_covered": 0.0, "percent_covered_display": "0", "missing_lines": 100, "excluded_lines": 0, "percent_statements_covered": 0.0, "percent_statements_covered_display": "0"}, "missing_lines": [512, 513, 514, 515, 517, 518, 519, 522, 523, 526, 527, 528, 530, 535, 536, 537, 538, 541, 542, 547, 548, 551, 552, 554, 555, 556, 557, 558, 559, 562, 567, 575, 577, 578, 579, 580, 581, 582, 583, 585, 587, 590, 595, 596, 598, 599, 601, 604, 607, 608, 609, 610, 612, 613, 615, 616, 617, 618, 622, 623, 624, 626, 628, 629, 631, 632, 633, 634, 636, 637, 638, 639, 650, 651, 659, 663, 664, 666, 667, 668, 669, 672, 708, 709, 711, 712, 713, 715, 716, 718, 719, 721, 722, 725, 726, 727, 734, 735, 736, 738], "excluded_lines": [], "start_line": 510}, "FinAITrainer._save_checkpoint": {"executed_lines": [], "summary": {"covered_lines": 0, "num_statements": 16, "percent_covered": 0.0, "percent_covered_display": "0", "missing_lines": 16, "excluded_lines": 0, "percent_statements_covered": 0.0, "percent_statements_covered_display": "0"}, "missing_lines": [741, 744, 750, 758, 759, 762, 765, 768, 769, 772, 773, 776, 777, 782, 785, 786], "excluded_lines": [], "start_line": 740}, "FinAITrainer._load_checkpoint": {"executed_lines": [], "summary": {"covered_lines": 0, "num_statements": 58, "percent_covered": 0.0, "percent_covered_display": "0", "missing_lines": 58, "excluded_lines": 0, "percent_statements_covered": 0.0, "percent_statements_covered_display": "0"}, "missing_lines": [791, 792, 795, 802, 806, 807, 811, 812, 815, 817, 820, 821, 822, 823, 824, 825, 826, 827, 830, 831, 832, 836, 843, 844, 845, 846, 847, 849, 852, 857, 858, 860, 863, 866, 867, 870, 871, 874, 877, 880, 884, 885, 888, 891, 893, 894, 895, 901, 904, 907, 910, 911, 912, 913, 914, 916, 917, 918], "excluded_lines": [], "start_line": 790}, "": {"executed_lines": [3, 4, 5, 6, 7, 8, 9, 11, 12, 13, 14, 16, 19, 20, 21, 22, 23, 24, 25, 26, 27, 28, 29, 30, 31, 32, 33, 34, 35, 36, 37, 38, 39, 40, 41, 42, 43, 44, 45, 46, 48, 49, 64, 65, 81, 89, 107, 119, 122, 123, 131, 138, 150, 151, 241, 261, 290, 310, 411, 475, 476, 510, 740, 790], "summary": {"covered_lines": 64, "num_statements": 64, "percent_covered": 100.0, "percent_covered_display": "100", "missing_lines": 0, "excluded_lines": 0, "percent_statements_covered": 100.0, "percent_statements_covered_display": "100"}, "missing_lines": [], "excluded_lines": [], "start_line": 1}}, "classes": {"TrainingConfig": {"executed_lines": [50, 51, 52, 53, 54, 57, 59], "summary": {"covered_lines": 7, "num_statements": 7, "percent_covered": 100.0, "percent_covered_display": "100", "missing_lines": 0, "excluded_lines": 0, "percent_statements_covered": 100.0, "percent_statements_covered_display": "100"}, "missing_lines": [], "excluded_lines": [], "start_line": 20}, "DatasetCycler": {"executed_lines": [70, 71, 72, 73, 74, 75, 76, 77, 78, 79, 83, 85, 86, 87, 91, 92, 93, 94, 95, 96, 98, 99, 100, 108, 109, 110, 120, 124, 125, 127, 129, 133, 134, 136, 140, 141, 142, 143, 144, 145], "summary": {"covered_lines": 40, "num_statements": 47, "percent_covered": 85.1063829787234, "percent_covered_display": "85", "missing_lines": 7, "excluded_lines": 0, "percent_statements_covered": 85.1063829787234, "percent_statements_covered_display": "85"}, "missing_lines": [101, 102, 103, 104, 105, 128, 135], "excluded_lines": [], "start_line": 64}, "FinAITrainer": {"executed_lines": [159, 160, 161, 162, 163, 165, 166, 169, 170, 171, 174, 175, 179, 180, 181, 185, 186, 189, 194, 195, 196, 199, 216, 218, 224, 225, 226, 234, 235, 236, 237, 242, 243, 244, 245, 247, 250, 252, 264, 270, 278, 281, 282, 288, 292, 293, 294, 295, 296, 297, 298, 300, 301, 302, 304, 305, 308], "summary": {"covered_lines": 57, "num_statements": 339, "percent_covered": 16.8141592920354, "percent_covered_display": "17", "missing_lines": 282, "excluded_lines": 0, "percent_statements_covered": 16.8141592920354, "percent_statements_covered_display": "17"}, "missing_lines": [176, 177, 239, 246, 248, 283, 286, 299, 306, 307, 312, 313, 315, 316, 317, 318, 319, 320, 322, 323, 325, 326, 333, 334, 335, 337, 338, 339, 341, 344, 345, 355, 369, 370, 372, 373, 374, 376, 379, 382, 391, 392, 394, 396, 397, 398, 400, 401, 403, 404, 405, 407, 408, 409, 413, 414, 416, 417, 418, 419, 420, 421, 423, 424, 426, 428, 429, 432, 433, 434, 435, 438, 439, 440, 448, 449, 450, 453, 454, 455, 456, 458, 466, 467, 468, 470, 471, 472, 473, 477, 478, 479, 480, 481, 482, 483, 488, 489, 490, 491, 493, 494, 496, 497, 498, 505, 506, 508, 512, 513, 514, 515, 517, 518, 519, 522, 523, 526, 527, 528, 530, 535, 536, 537, 538, 541, 542, 547, 548, 551, 552, 554, 555, 556, 557, 558, 559, 562, 567, 575, 577, 578, 579, 580, 581, 582, 583, 585, 587, 590, 595, 596, 598, 599, 601, 604, 607, 608, 609, 610, 612, 613, 615, 616, 617, 618, 622, 623, 624, 626, 628, 629, 631, 632, 633, 634, 636, 637, 638, 639, 650, 651, 659, 663, 664, 666, 667, 668, 669, 672, 708, 709, 711, 712, 713, 715, 716, 718, 719, 721, 722, 725, 726, 727, 734, 735, 736, 738, 741, 744, 750, 758, 759, 762, 765, 768, 769, 772, 773, 776, 777, 782, 785, 786, 791, 792, 795, 802, 806, 807, 811, 812, 815, 817, 820, 821, 822, 823, 824, 825, 826, 827, 830, 831, 832, 836, 843, 844, 845, 846, 847, 849, 852, 857, 858, 860, 863, 866, 867, 870, 871, 874, 877, 880, 884, 885, 888, 891, 893, 894, 895, 901, 904, 907, 910, 911, 912, 913, 914, 916, 917, 918], "excluded_lines": [], "start_line": 150}, "": {"executed_lines": [3, 4, 5, 6, 7, 8, 9, 11, 12, 13, 14, 16, 19, 20, 21, 22, 23, 24, 25, 26, 27, 28, 29, 30, 31, 32, 33, 34, 35, 36, 37, 38, 39, 40, 41, 42, 43, 44, 45, 46, 48, 49, 64, 65, 81, 89, 107, 119, 122, 123, 131, 138, 150, 151, 241, 261, 290, 310, 411, 475, 476, 510, 740, 790], "summary": {"covered_lines": 64, "num_statements": 64, "percent_covered": 100.0, "percent_covered_display": "100", "missing_lines": 0, "excluded_lines": 0, "percent_statements_covered": 100.0, "percent_statements_covered_display": "100"}, "missing_lines": [], "excluded_lines": [], "start_line": 1}}}}, "totals": {"covered_lines": 562, "num_statements": 1111, "percent_covered": 50.58505850585058, "percent_covered_display": "51", "missing_lines": 549, "excluded_lines": 0, "percent_statements_covered": 50.58505850585058, "percent_statements_covered_display": "51"}}